<?xml version="1.0" encoding="UTF-8"?>
<!-- Generated by org.testng.reporters.JUnitXMLReporter -->
<testsuite hostname="MALOOTYPC" failures="0" tests="4" name="chrometesting" time="42.404" errors="0" timestamp="19 Aug 2019 05:28:42 GMT">
  <testcase classname="myTestyDemoTest.BootstrapFormTest" name="openUrl" time="1.527"/>
  <testcase classname="myTestyDemoTest.BootstrapFormTest" name="bFormTitleTest" time="32.814"/>
  <testcase classname="myTestyDemoTest.BootstrapFormTest" name="bFormTableTest" time="1.172"/>
  <testcase classname="myTestyDemoTest.BootstrapFormTest" name="bFormPOAPFTest" time="1.588"/>
</testsuite> <!-- chrometesting -->
