<?xml version="1.0" encoding="UTF-8"?>
<!-- Generated by org.testng.reporters.JUnitXMLReporter -->
<testsuite hostname="MALOOTYPC" failures="0" tests="13" name="chrometesting" time="81.404" errors="0" timestamp="15 Aug 2019 01:57:36 GMT">
  <testcase classname="myTestyDemoTest.ExtJsFormTest" name="openUrl" time="1.142"/>
  <testcase classname="myTestyDemoTest.ExtJsFormTest" name="conditionManagerTest" time="17.872"/>
  <testcase classname="myTestyDemoTest.ExtJsFormTest" name="findElementsAfterTimeoutTest" time="5.903"/>
  <testcase classname="myTestyDemoTest.ExtJsFormTest" name="findElementsQuotesTest" time="1.567"/>
  <testcase classname="myTestyDemoTest.ExtJsFormTest" name="radioGroupTest" time="10.114"/>
  <testcase classname="myTestyDemoTest.ExtJsFormTest" name="comboBoxTest" time="2.122"/>
  <testcase classname="myTestyDemoTest.ExtJsFormTest" name="multiSelectTest" time="1.014"/>
  <testcase classname="myTestyDemoTest.ExtJsFormTest" name="textAreaTest" time="1.167"/>
  <testcase classname="myTestyDemoTest.ExtJsFormTest" name="textFieldTest" time="1.388"/>
  <testcase classname="myTestyDemoTest.ExtJsFormTest" name="simpleFormTest" time="14.007"/>
  <testcase classname="myTestyDemoTest.BootstrapFormTest" name="openUrl" time="1.148"/>
  <testcase classname="myTestyDemoTest.BootstrapFormTest" name="bFormTitleTest" time="18.246"/>
  <testcase classname="myTestyDemoTest.BootstrapFormTest" name="bFormPOAPFTest" time="0.508"/>
</testsuite> <!-- chrometesting -->
