<?xml version="1.0" encoding="UTF-8"?>
<!-- Generated by org.testng.reporters.JUnitXMLReporter -->
<testsuite hostname="MALOOTYPC" failures="0" tests="13" name="FirefoxTest" time="65.899" errors="0" timestamp="15 Aug 2019 01:58:41 GMT">
  <testcase classname="myTestyDemoTest.ExtJsFormTest" name="openUrl" time="0.689"/>
  <testcase classname="myTestyDemoTest.ExtJsFormTest" name="conditionManagerTest" time="10.671"/>
  <testcase classname="myTestyDemoTest.ExtJsFormTest" name="findElementsAfterTimeoutTest" time="5.848"/>
  <testcase classname="myTestyDemoTest.ExtJsFormTest" name="findElementsQuotesTest" time="2.056"/>
  <testcase classname="myTestyDemoTest.ExtJsFormTest" name="radioGroupTest" time="10.707"/>
  <testcase classname="myTestyDemoTest.ExtJsFormTest" name="comboBoxTest" time="2.747"/>
  <testcase classname="myTestyDemoTest.ExtJsFormTest" name="multiSelectTest" time="1.643"/>
  <testcase classname="myTestyDemoTest.ExtJsFormTest" name="textAreaTest" time="1.245"/>
  <testcase classname="myTestyDemoTest.ExtJsFormTest" name="textFieldTest" time="1.377"/>
  <testcase classname="myTestyDemoTest.ExtJsFormTest" name="simpleFormTest" time="5.155"/>
  <testcase classname="myTestyDemoTest.BootstrapFormTest" name="openUrl" time="0.423"/>
  <testcase classname="myTestyDemoTest.BootstrapFormTest" name="bFormTitleTest" time="13.527"/>
  <testcase classname="myTestyDemoTest.BootstrapFormTest" name="bFormPOAPFTest" time="0.715"/>
</testsuite> <!-- FirefoxTest -->
