<?xml version="1.0" encoding="UTF-8"?>
<!-- Generated by org.testng.reporters.JUnitXMLReporter -->
<testsuite hostname="MALOOTYPC" failures="0" tests="4" name="FirefoxTest" time="36.724" errors="0" timestamp="19 Aug 2019 05:29:18 GMT">
  <testcase classname="myTestyDemoTest.BootstrapFormTest" name="openUrl" time="0.974"/>
  <testcase classname="myTestyDemoTest.BootstrapFormTest" name="bFormTitleTest" time="26.006"/>
  <testcase classname="myTestyDemoTest.BootstrapFormTest" name="bFormTableTest" time="0.676"/>
  <testcase classname="myTestyDemoTest.BootstrapFormTest" name="bFormPOAPFTest" time="1.657"/>
</testsuite> <!-- FirefoxTest -->
