<?xml version="1.0" encoding="UTF-8"?>
<testng-results total="8" passed="8" failed="0" skipped="0">
  <reporter-output>
  </reporter-output>
  <suite started-at="2019-08-19T05:27:59Z" name="Suite" finished-at="2019-08-19T05:29:18Z" duration-ms="79224">
    <groups>
    </groups>
    <test started-at="2019-08-19T05:27:59Z" name="chrometesting" finished-at="2019-08-19T05:28:42Z" duration-ms="42404">
      <class name="myTestyDemoTest.BootstrapFormTest">
        <test-method is-config="true" signature="initWebDriver(java.lang.String)[pri:0, instance:myTestyDemoTest.BootstrapFormTest@4bb33f74]" started-at="2019-08-18T22:27:59Z" name="initWebDriver" finished-at="2019-08-18T22:28:05Z" duration-ms="5285" status="PASS">
          <params>
            <param index="0">
              <value>
                <![CDATA[Chrome]]>
              </value>
            </param>
          </params>
          <reporter-output>
          </reporter-output>
        </test-method> <!-- initWebDriver -->
        <test-method signature="openUrl()[pri:0, instance:myTestyDemoTest.BootstrapFormTest@4bb33f74]" started-at="2019-08-18T22:28:05Z" name="openUrl" finished-at="2019-08-18T22:28:06Z" duration-ms="1527" status="PASS">
          <reporter-output>
          </reporter-output>
        </test-method> <!-- openUrl -->
        <test-method signature="bFormTitleTest()[pri:0, instance:myTestyDemoTest.BootstrapFormTest@4bb33f74]" started-at="2019-08-18T22:28:06Z" name="bFormTitleTest" finished-at="2019-08-18T22:28:39Z" duration-ms="32814" status="PASS">
          <reporter-output>
          </reporter-output>
        </test-method> <!-- bFormTitleTest -->
        <test-method signature="bFormTableTest()[pri:0, instance:myTestyDemoTest.BootstrapFormTest@4bb33f74]" started-at="2019-08-18T22:28:39Z" name="bFormTableTest" finished-at="2019-08-18T22:28:40Z" duration-ms="1172" status="PASS">
          <reporter-output>
          </reporter-output>
        </test-method> <!-- bFormTableTest -->
        <test-method signature="bFormPOAPFTest()[pri:0, instance:myTestyDemoTest.BootstrapFormTest@4bb33f74]" started-at="2019-08-18T22:28:40Z" name="bFormPOAPFTest" finished-at="2019-08-18T22:28:42Z" duration-ms="1588" status="PASS">
          <reporter-output>
          </reporter-output>
        </test-method> <!-- bFormPOAPFTest -->
      </class> <!-- myTestyDemoTest.BootstrapFormTest -->
    </test> <!-- chrometesting -->
    <test started-at="2019-08-19T05:28:42Z" name="FirefoxTest" finished-at="2019-08-19T05:29:18Z" duration-ms="36724">
      <class name="myTestyDemoTest.BootstrapFormTest">
        <test-method is-config="true" signature="initWebDriver(java.lang.String)[pri:0, instance:myTestyDemoTest.BootstrapFormTest@56cdfb3b]" started-at="2019-08-18T22:28:42Z" name="initWebDriver" finished-at="2019-08-18T22:28:49Z" duration-ms="7408" status="PASS">
          <params>
            <param index="0">
              <value>
                <![CDATA[Firefox]]>
              </value>
            </param>
          </params>
          <reporter-output>
          </reporter-output>
        </test-method> <!-- initWebDriver -->
        <test-method signature="openUrl()[pri:0, instance:myTestyDemoTest.BootstrapFormTest@56cdfb3b]" started-at="2019-08-18T22:28:49Z" name="openUrl" finished-at="2019-08-18T22:28:50Z" duration-ms="974" status="PASS">
          <reporter-output>
          </reporter-output>
        </test-method> <!-- openUrl -->
        <test-method signature="bFormTitleTest()[pri:0, instance:myTestyDemoTest.BootstrapFormTest@56cdfb3b]" started-at="2019-08-18T22:28:50Z" name="bFormTitleTest" finished-at="2019-08-18T22:29:16Z" duration-ms="26006" status="PASS">
          <reporter-output>
          </reporter-output>
        </test-method> <!-- bFormTitleTest -->
        <test-method signature="bFormTableTest()[pri:0, instance:myTestyDemoTest.BootstrapFormTest@56cdfb3b]" started-at="2019-08-18T22:29:16Z" name="bFormTableTest" finished-at="2019-08-18T22:29:17Z" duration-ms="676" status="PASS">
          <reporter-output>
          </reporter-output>
        </test-method> <!-- bFormTableTest -->
        <test-method signature="bFormPOAPFTest()[pri:0, instance:myTestyDemoTest.BootstrapFormTest@56cdfb3b]" started-at="2019-08-18T22:29:17Z" name="bFormPOAPFTest" finished-at="2019-08-18T22:29:18Z" duration-ms="1657" status="PASS">
          <reporter-output>
          </reporter-output>
        </test-method> <!-- bFormPOAPFTest -->
      </class> <!-- myTestyDemoTest.BootstrapFormTest -->
    </test> <!-- FirefoxTest -->
  </suite> <!-- Suite -->
</testng-results>
