<?xml version="1.0" encoding="UTF-8"?>
<testsuite xmlns:xsi="http://www.w3.org/2001/XMLSchema-instance" xsi:noNamespaceSchemaLocation="https://maven.apache.org/surefire/maven-surefire-plugin/xsd/surefire-test-report-3.0.xsd" version="3.0" name="TestSuite" time="80.868" tests="8" errors="0" skipped="0" failures="0">
  <properties>
[...]
</properties>
  <testcase name="openUrl" classname="myTestyDemoTest.BootstrapFormTest" time="1.528"/>
  <testcase name="openUrl" classname="myTestyDemoTest.BootstrapFormTest" time="0.974"/>
  <testcase name="bFormTitleTest" classname="myTestyDemoTest.BootstrapFormTest" time="32.812"/>
  <testcase name="bFormTitleTest" classname="myTestyDemoTest.BootstrapFormTest" time="26.007"/>
  <testcase name="bFormTableTest" classname="myTestyDemoTest.BootstrapFormTest" time="1.173"/>
  <testcase name="bFormTableTest" classname="myTestyDemoTest.BootstrapFormTest" time="0.676"/>
  <testcase name="bFormPOAPFTest" classname="myTestyDemoTest.BootstrapFormTest" time="1.587"/>
  <testcase name="bFormPOAPFTest" classname="myTestyDemoTest.BootstrapFormTest" time="1.658"/>
</testsuite>